[ 2017-05-05T10:52:46+08:00 ] ::1 /imooc/
INFO: [ app_init ] --START--
INFO: Run Behavior\BuildLiteBehavior [ RunTime:0.000024s ]
INFO: [ app_init ] --END-- [ RunTime:0.005583s ]
INFO: [ app_begin ] --START--
INFO: Run Behavior\ReadHtmlCacheBehavior [ RunTime:0.017142s ]
INFO: [ app_begin ] --END-- [ RunTime:0.017252s ]
NOTIC: [2048] Declaration of Home\Controller\CommonController::error() should be compatible with Think\Controller::error($message = '', $jumpUrl = '', $ajax = false) C:\wamp64\www\imooc\Application\Home\Controller\CommonController.class.php 第 24 行.
NOTIC: [2048] Declaration of Common\Model\NewsModel::find() should be compatible with Think\Model::find($options = Array) C:\wamp64\www\imooc\Application\Common\Model\NewsModel.class.php 第 9 行.
ERR: SQLSTATE[HY000] [2000] mysqlnd cannot connect to MySQL 4.1+ using the old insecure authentication. Please use an administration tool to reset your password with the command SET PASSWORD = PASSWORD('your_existing_password'). This will store a new, and more secure, hash value in mysql.user. If this user is used in other scripts executed by PHP 5.2 or earlier you might need to remove the old-passwords flag from your my.cnf file

[ 2017-05-05T10:59:40+08:00 ] ::1 /imooc/
INFO: [ app_init ] --START--
INFO: Run Behavior\BuildLiteBehavior [ RunTime:0.000022s ]
INFO: [ app_init ] --END-- [ RunTime:0.005981s ]
INFO: [ app_begin ] --START--
INFO: Run Behavior\ReadHtmlCacheBehavior [ RunTime:0.021567s ]
INFO: [ app_begin ] --END-- [ RunTime:0.021717s ]
NOTIC: [2048] Declaration of Home\Controller\CommonController::error() should be compatible with Think\Controller::error($message = '', $jumpUrl = '', $ajax = false) C:\wamp64\www\imooc\Application\Home\Controller\CommonController.class.php 第 24 行.
NOTIC: [2048] Declaration of Common\Model\NewsModel::find() should be compatible with Think\Model::find($options = Array) C:\wamp64\www\imooc\Application\Common\Model\NewsModel.class.php 第 9 行.
SQL: SHOW COLUMNS FROM `cms_news` [ RunTime:0.0015s ]
SQL: SELECT * FROM `cms_news` WHERE `status` = 1 ORDER BY count desc,news_id desc  LIMIT 10   [ RunTime:0.0005s ]
NOTIC: [2048] Declaration of Common\Model\PositionContentModel::find() should be compatible with Think\Model::find($options = Array) C:\wamp64\www\imooc\Application\Common\Model\PositionContentModel.class.php 第 89 行.
SQL: SHOW COLUMNS FROM `cms_position_content` [ RunTime:0.0009s ]
NOTIC: [8] Undefined index: title C:\wamp64\www\imooc\Application\Common\Model\PositionContentModel.class.php 第 18 行.
SQL: SELECT * FROM `cms_position_content` WHERE `status` = 1 AND `position_id` = 2 ORDER BY listorder desc ,id desc LIMIT 1   [ RunTime:0.0003s ]
NOTIC: [8] Undefined index: title C:\wamp64\www\imooc\Application\Common\Model\PositionContentModel.class.php 第 18 行.
SQL: SELECT * FROM `cms_position_content` WHERE `status` = 1 AND `position_id` = 3 ORDER BY listorder desc ,id desc LIMIT 3   [ RunTime:0.0003s ]
SQL: SELECT * FROM `cms_news` WHERE `status` = 1 AND `thumb` <> '' ORDER BY news_id desc LIMIT 30   [ RunTime:0.0004s ]
NOTIC: [8] Undefined index: title C:\wamp64\www\imooc\Application\Common\Model\PositionContentModel.class.php 第 18 行.
SQL: SELECT * FROM `cms_position_content` WHERE `status` = 1 AND `position_id` = 5 ORDER BY listorder desc ,id desc LIMIT 2   [ RunTime:0.0002s ]
INFO: [ view_parse ] --START--
INFO: [ template_filter ] --START--
INFO: Run Behavior\ContentReplaceBehavior [ RunTime:0.000070s ]
INFO: [ template_filter ] --END-- [ RunTime:0.000162s ]
NOTIC: [2048] Declaration of Common\Model\BasicModel::save() should be compatible with Think\Model::save($data = '', $options = Array) C:\wamp64\www\imooc\Application\Common\Model\BasicModel.class.php 第 30 行.
NOTIC: [2048] Declaration of Common\Model\BasicModel::select() should be compatible with Think\Model::select($options = Array) C:\wamp64\www\imooc\Application\Common\Model\BasicModel.class.php 第 30 行.
NOTIC: [2048] Declaration of Common\Model\MenuModel::find() should be compatible with Think\Model::find($options = Array) C:\wamp64\www\imooc\Application\Common\Model\MenuModel.class.php 第 92 行.
SQL: SHOW COLUMNS FROM `cms_menu` [ RunTime:0.0013s ]
SQL: SELECT * FROM `cms_menu` WHERE `status` = 1 AND `type` = 0 ORDER BY listorder desc,menu_id desc  [ RunTime:0.0005s ]
NOTIC: [8] Undefined index: name C:\wamp64\www\imooc\Application\Runtime\Cache\Home\2a94b8bda04ff446dcedd42276fc99ee.php 第 80 行.
NOTIC: [8] Undefined index: name C:\wamp64\www\imooc\Application\Runtime\Cache\Home\2a94b8bda04ff446dcedd42276fc99ee.php 第 80 行.
INFO: Run Behavior\ParseTemplateBehavior [ RunTime:0.197200s ]
INFO: [ view_parse ] --END-- [ RunTime:0.197309s ]
INFO: [ view_filter ] --START--
INFO: Run Behavior\WriteHtmlCacheBehavior [ RunTime:0.013757s ]
INFO: [ view_filter ] --END-- [ RunTime:0.013872s ]
INFO: [ app_end ] --START--
INFO: Run Behavior\ShowPageTraceBehavior [ RunTime:0.015334s ]
INFO: [ app_end ] --END-- [ RunTime:0.015475s ]

[ 2017-05-05T11:04:20+08:00 ] ::1 /imooc/index.php?c=detail&id=22
INFO: [ app_init ] --START--
INFO: Run Behavior\BuildLiteBehavior [ RunTime:0.000025s ]
INFO: [ app_init ] --END-- [ RunTime:0.009441s ]
INFO: [ app_begin ] --START--
INFO: Run Behavior\ReadHtmlCacheBehavior [ RunTime:0.006057s ]
INFO: [ app_begin ] --END-- [ RunTime:0.006173s ]
NOTIC: [2048] Declaration of Home\Controller\CommonController::error() should be compatible with Think\Controller::error($message = '', $jumpUrl = '', $ajax = false) C:\wamp64\www\imooc\Application\Home\Controller\CommonController.class.php 第 24 行.
NOTIC: [2048] Declaration of Common\Model\NewsModel::find() should be compatible with Think\Model::find($options = Array) C:\wamp64\www\imooc\Application\Common\Model\NewsModel.class.php 第 9 行.
SQL: SHOW COLUMNS FROM `cms_news` [ RunTime:0.0012s ]
SQL: SELECT * FROM `cms_news` WHERE ( news_id=22 ) LIMIT 1   [ RunTime:0.0003s ]
SQL: UPDATE `cms_news` SET `count`='34' WHERE ( news_id=22 ) [ RunTime:0.0004s ]
NOTIC: [2048] Declaration of Common\Model\NewsContentModel::find() should be compatible with Think\Model::find($options = Array) C:\wamp64\www\imooc\Application\Common\Model\NewsContentModel.class.php 第 46 行.
SQL: SHOW COLUMNS FROM `cms_news_content` [ RunTime:0.0016s ]
SQL: SELECT * FROM `cms_news_content` WHERE ( news_id=22 ) LIMIT 1   [ RunTime:0.0003s ]
NOTIC: [2048] Declaration of Common\Model\PositionContentModel::find() should be compatible with Think\Model::find($options = Array) C:\wamp64\www\imooc\Application\Common\Model\PositionContentModel.class.php 第 89 行.
SQL: SHOW COLUMNS FROM `cms_position_content` [ RunTime:0.0007s ]
NOTIC: [8] Undefined index: title C:\wamp64\www\imooc\Application\Common\Model\PositionContentModel.class.php 第 18 行.
SQL: SELECT * FROM `cms_position_content` WHERE `status` = 1 AND `position_id` = 5 ORDER BY listorder desc ,id desc LIMIT 2   [ RunTime:0.0003s ]
SQL: SELECT * FROM `cms_news` WHERE `status` = 1 ORDER BY count desc,news_id desc  LIMIT 10   [ RunTime:0.0003s ]
INFO: [ view_parse ] --START--
INFO: [ template_filter ] --START--
INFO: Run Behavior\ContentReplaceBehavior [ RunTime:0.000101s ]
INFO: [ template_filter ] --END-- [ RunTime:0.000202s ]
NOTIC: [2048] Declaration of Common\Model\BasicModel::save() should be compatible with Think\Model::save($data = '', $options = Array) C:\wamp64\www\imooc\Application\Common\Model\BasicModel.class.php 第 30 行.
NOTIC: [2048] Declaration of Common\Model\BasicModel::select() should be compatible with Think\Model::select($options = Array) C:\wamp64\www\imooc\Application\Common\Model\BasicModel.class.php 第 30 行.
NOTIC: [2048] Declaration of Common\Model\MenuModel::find() should be compatible with Think\Model::find($options = Array) C:\wamp64\www\imooc\Application\Common\Model\MenuModel.class.php 第 92 行.
SQL: SHOW COLUMNS FROM `cms_menu` [ RunTime:0.0009s ]
SQL: SELECT * FROM `cms_menu` WHERE `status` = 1 AND `type` = 0 ORDER BY listorder desc,menu_id desc  [ RunTime:0.0003s ]
NOTIC: [8] Undefined index: name C:\wamp64\www\imooc\Application\Runtime\Cache\Home\0d75cb75cd30b13fdd4834afd69acb19.php 第 59 行.
NOTIC: [8] Undefined index: name C:\wamp64\www\imooc\Application\Runtime\Cache\Home\0d75cb75cd30b13fdd4834afd69acb19.php 第 59 行.
INFO: Run Behavior\ParseTemplateBehavior [ RunTime:0.064772s ]
INFO: [ view_parse ] --END-- [ RunTime:0.064864s ]
INFO: [ view_filter ] --START--
INFO: Run Behavior\WriteHtmlCacheBehavior [ RunTime:0.017082s ]
INFO: [ view_filter ] --END-- [ RunTime:0.017225s ]
INFO: [ app_end ] --START--
INFO: Run Behavior\ShowPageTraceBehavior [ RunTime:0.009694s ]
INFO: [ app_end ] --END-- [ RunTime:0.009800s ]

[ 2017-05-05T11:12:07+08:00 ] ::1 /imooc/
INFO: [ app_init ] --START--
INFO: Run Behavior\BuildLiteBehavior [ RunTime:0.000025s ]
INFO: [ app_init ] --END-- [ RunTime:0.007321s ]
INFO: [ app_begin ] --START--
INFO: Run Behavior\ReadHtmlCacheBehavior [ RunTime:0.005252s ]
INFO: [ app_begin ] --END-- [ RunTime:0.005371s ]
NOTIC: [2048] Declaration of Home\Controller\CommonController::error() should be compatible with Think\Controller::error($message = '', $jumpUrl = '', $ajax = false) C:\wamp64\www\imooc\Application\Home\Controller\CommonController.class.php 第 24 行.
NOTIC: [2048] Declaration of Common\Model\NewsModel::find() should be compatible with Think\Model::find($options = Array) C:\wamp64\www\imooc\Application\Common\Model\NewsModel.class.php 第 9 行.
SQL: SHOW COLUMNS FROM `cms_news` [ RunTime:0.0040s ]
SQL: SELECT * FROM `cms_news` WHERE `status` = 1 ORDER BY count desc,news_id desc  LIMIT 10   [ RunTime:0.0005s ]
NOTIC: [2048] Declaration of Common\Model\PositionContentModel::find() should be compatible with Think\Model::find($options = Array) C:\wamp64\www\imooc\Application\Common\Model\PositionContentModel.class.php 第 89 行.
SQL: SHOW COLUMNS FROM `cms_position_content` [ RunTime:0.0012s ]
NOTIC: [8] Undefined index: title C:\wamp64\www\imooc\Application\Common\Model\PositionContentModel.class.php 第 18 行.
SQL: SELECT * FROM `cms_position_content` WHERE `status` = 1 AND `position_id` = 2 ORDER BY listorder desc ,id desc LIMIT 1   [ RunTime:0.0003s ]
NOTIC: [8] Undefined index: title C:\wamp64\www\imooc\Application\Common\Model\PositionContentModel.class.php 第 18 行.
SQL: SELECT * FROM `cms_position_content` WHERE `status` = 1 AND `position_id` = 3 ORDER BY listorder desc ,id desc LIMIT 3   [ RunTime:0.0003s ]
SQL: SELECT * FROM `cms_news` WHERE `status` = 1 AND `thumb` <> '' ORDER BY news_id desc LIMIT 30   [ RunTime:0.0004s ]
NOTIC: [8] Undefined index: title C:\wamp64\www\imooc\Application\Common\Model\PositionContentModel.class.php 第 18 行.
SQL: SELECT * FROM `cms_position_content` WHERE `status` = 1 AND `position_id` = 5 ORDER BY listorder desc ,id desc LIMIT 2   [ RunTime:0.0003s ]
INFO: [ view_parse ] --START--
INFO: [ template_filter ] --START--
INFO: Run Behavior\ContentReplaceBehavior [ RunTime:0.000080s ]
INFO: [ template_filter ] --END-- [ RunTime:0.000213s ]
NOTIC: [2048] Declaration of Common\Model\BasicModel::save() should be compatible with Think\Model::save($data = '', $options = Array) C:\wamp64\www\imooc\Application\Common\Model\BasicModel.class.php 第 30 行.
NOTIC: [2048] Declaration of Common\Model\BasicModel::select() should be compatible with Think\Model::select($options = Array) C:\wamp64\www\imooc\Application\Common\Model\BasicModel.class.php 第 30 行.
NOTIC: [2048] Declaration of Common\Model\MenuModel::find() should be compatible with Think\Model::find($options = Array) C:\wamp64\www\imooc\Application\Common\Model\MenuModel.class.php 第 92 行.
SQL: SHOW COLUMNS FROM `cms_menu` [ RunTime:0.0010s ]
SQL: SELECT * FROM `cms_menu` WHERE `status` = 1 AND `type` = 0 ORDER BY listorder desc,menu_id desc  [ RunTime:0.0003s ]
NOTIC: [8] Undefined index: name C:\wamp64\www\imooc\Application\Runtime\Cache\Home\2a94b8bda04ff446dcedd42276fc99ee.php 第 80 行.
NOTIC: [8] Undefined index: name C:\wamp64\www\imooc\Application\Runtime\Cache\Home\2a94b8bda04ff446dcedd42276fc99ee.php 第 80 行.
INFO: Run Behavior\ParseTemplateBehavior [ RunTime:0.200007s ]
INFO: [ view_parse ] --END-- [ RunTime:0.200098s ]
INFO: [ view_filter ] --START--
INFO: Run Behavior\WriteHtmlCacheBehavior [ RunTime:0.014970s ]
INFO: [ view_filter ] --END-- [ RunTime:0.015074s ]
INFO: [ app_end ] --START--
INFO: Run Behavior\ShowPageTraceBehavior [ RunTime:0.009802s ]
INFO: [ app_end ] --END-- [ RunTime:0.009908s ]

[ 2017-05-05T11:12:14+08:00 ] ::1 /imooc/
INFO: [ app_init ] --START--
INFO: Run Behavior\BuildLiteBehavior [ RunTime:0.000020s ]
INFO: [ app_init ] --END-- [ RunTime:0.000347s ]
INFO: [ app_begin ] --START--
INFO: Run Behavior\ReadHtmlCacheBehavior [ RunTime:0.000448s ]
INFO: [ app_begin ] --END-- [ RunTime:0.000539s ]
NOTIC: [2048] Declaration of Home\Controller\CommonController::error() should be compatible with Think\Controller::error($message = '', $jumpUrl = '', $ajax = false) C:\wamp64\www\imooc\Application\Home\Controller\CommonController.class.php 第 24 行.
NOTIC: [2048] Declaration of Common\Model\NewsModel::find() should be compatible with Think\Model::find($options = Array) C:\wamp64\www\imooc\Application\Common\Model\NewsModel.class.php 第 9 行.
SQL: SHOW COLUMNS FROM `cms_news` [ RunTime:0.0008s ]
SQL: SELECT * FROM `cms_news` WHERE `status` = 1 ORDER BY count desc,news_id desc  LIMIT 10   [ RunTime:0.0003s ]
NOTIC: [2048] Declaration of Common\Model\PositionContentModel::find() should be compatible with Think\Model::find($options = Array) C:\wamp64\www\imooc\Application\Common\Model\PositionContentModel.class.php 第 89 行.
SQL: SHOW COLUMNS FROM `cms_position_content` [ RunTime:0.0006s ]
NOTIC: [8] Undefined index: title C:\wamp64\www\imooc\Application\Common\Model\PositionContentModel.class.php 第 18 行.
SQL: SELECT * FROM `cms_position_content` WHERE `status` = 1 AND `position_id` = 2 ORDER BY listorder desc ,id desc LIMIT 1   [ RunTime:0.0003s ]
NOTIC: [8] Undefined index: title C:\wamp64\www\imooc\Application\Common\Model\PositionContentModel.class.php 第 18 行.
SQL: SELECT * FROM `cms_position_content` WHERE `status` = 1 AND `position_id` = 3 ORDER BY listorder desc ,id desc LIMIT 3   [ RunTime:0.0004s ]
SQL: SELECT * FROM `cms_news` WHERE `status` = 1 AND `thumb` <> '' ORDER BY news_id desc LIMIT 30   [ RunTime:0.0004s ]
NOTIC: [8] Undefined index: title C:\wamp64\www\imooc\Application\Common\Model\PositionContentModel.class.php 第 18 行.
SQL: SELECT * FROM `cms_position_content` WHERE `status` = 1 AND `position_id` = 5 ORDER BY listorder desc ,id desc LIMIT 2   [ RunTime:0.0003s ]
INFO: [ view_parse ] --START--
INFO: [ template_filter ] --START--
INFO: Run Behavior\ContentReplaceBehavior [ RunTime:0.000071s ]
INFO: [ template_filter ] --END-- [ RunTime:0.000164s ]
NOTIC: [2048] Declaration of Common\Model\BasicModel::save() should be compatible with Think\Model::save($data = '', $options = Array) C:\wamp64\www\imooc\Application\Common\Model\BasicModel.class.php 第 30 行.
NOTIC: [2048] Declaration of Common\Model\BasicModel::select() should be compatible with Think\Model::select($options = Array) C:\wamp64\www\imooc\Application\Common\Model\BasicModel.class.php 第 30 行.
NOTIC: [2048] Declaration of Common\Model\MenuModel::find() should be compatible with Think\Model::find($options = Array) C:\wamp64\www\imooc\Application\Common\Model\MenuModel.class.php 第 92 行.
SQL: SHOW COLUMNS FROM `cms_menu` [ RunTime:0.0008s ]
SQL: SELECT * FROM `cms_menu` WHERE `status` = 1 AND `type` = 0 ORDER BY listorder desc,menu_id desc  [ RunTime:0.0006s ]
NOTIC: [8] Undefined index: name C:\wamp64\www\imooc\Application\Runtime\Cache\Home\2a94b8bda04ff446dcedd42276fc99ee.php 第 80 行.
NOTIC: [8] Undefined index: name C:\wamp64\www\imooc\Application\Runtime\Cache\Home\2a94b8bda04ff446dcedd42276fc99ee.php 第 80 行.
INFO: Run Behavior\ParseTemplateBehavior [ RunTime:0.018184s ]
INFO: [ view_parse ] --END-- [ RunTime:0.018343s ]
INFO: [ view_filter ] --START--
INFO: Run Behavior\WriteHtmlCacheBehavior [ RunTime:0.000574s ]
INFO: [ view_filter ] --END-- [ RunTime:0.000715s ]
INFO: [ app_end ] --START--
INFO: Run Behavior\ShowPageTraceBehavior [ RunTime:0.000685s ]
INFO: [ app_end ] --END-- [ RunTime:0.000787s ]

[ 2017-05-05T11:16:36+08:00 ] ::1 /
INFO: [ app_init ] --START--
INFO: Run Behavior\BuildLiteBehavior [ RunTime:0.000025s ]
INFO: [ app_init ] --END-- [ RunTime:0.000540s ]
INFO: [ app_begin ] --START--
INFO: Run Behavior\ReadHtmlCacheBehavior [ RunTime:0.000644s ]
INFO: [ app_begin ] --END-- [ RunTime:0.000804s ]
NOTIC: [2048] Declaration of Home\Controller\CommonController::error() should be compatible with Think\Controller::error($message = '', $jumpUrl = '', $ajax = false) C:\wamp64\www\imooc\Application\Home\Controller\CommonController.class.php 第 24 行.
NOTIC: [2048] Declaration of Common\Model\NewsModel::find() should be compatible with Think\Model::find($options = Array) C:\wamp64\www\imooc\Application\Common\Model\NewsModel.class.php 第 9 行.
SQL: SHOW COLUMNS FROM `cms_news` [ RunTime:0.0076s ]
SQL: SELECT * FROM `cms_news` WHERE `status` = 1 ORDER BY count desc,news_id desc  LIMIT 10   [ RunTime:0.0010s ]
NOTIC: [2048] Declaration of Common\Model\PositionContentModel::find() should be compatible with Think\Model::find($options = Array) C:\wamp64\www\imooc\Application\Common\Model\PositionContentModel.class.php 第 89 行.
SQL: SHOW COLUMNS FROM `cms_position_content` [ RunTime:0.0013s ]
NOTIC: [8] Undefined index: title C:\wamp64\www\imooc\Application\Common\Model\PositionContentModel.class.php 第 18 行.
SQL: SELECT * FROM `cms_position_content` WHERE `status` = 1 AND `position_id` = 2 ORDER BY listorder desc ,id desc LIMIT 1   [ RunTime:0.0004s ]
NOTIC: [8] Undefined index: title C:\wamp64\www\imooc\Application\Common\Model\PositionContentModel.class.php 第 18 行.
SQL: SELECT * FROM `cms_position_content` WHERE `status` = 1 AND `position_id` = 3 ORDER BY listorder desc ,id desc LIMIT 3   [ RunTime:0.0003s ]
SQL: SELECT * FROM `cms_news` WHERE `status` = 1 AND `thumb` <> '' ORDER BY news_id desc LIMIT 30   [ RunTime:0.0003s ]
NOTIC: [8] Undefined index: title C:\wamp64\www\imooc\Application\Common\Model\PositionContentModel.class.php 第 18 行.
SQL: SELECT * FROM `cms_position_content` WHERE `status` = 1 AND `position_id` = 5 ORDER BY listorder desc ,id desc LIMIT 2   [ RunTime:0.0002s ]
INFO: [ view_parse ] --START--
INFO: [ template_filter ] --START--
INFO: Run Behavior\ContentReplaceBehavior [ RunTime:0.000108s ]
INFO: [ template_filter ] --END-- [ RunTime:0.000208s ]
NOTIC: [2048] Declaration of Common\Model\BasicModel::save() should be compatible with Think\Model::save($data = '', $options = Array) C:\wamp64\www\imooc\Application\Common\Model\BasicModel.class.php 第 30 行.
NOTIC: [2048] Declaration of Common\Model\BasicModel::select() should be compatible with Think\Model::select($options = Array) C:\wamp64\www\imooc\Application\Common\Model\BasicModel.class.php 第 30 行.
NOTIC: [2048] Declaration of Common\Model\MenuModel::find() should be compatible with Think\Model::find($options = Array) C:\wamp64\www\imooc\Application\Common\Model\MenuModel.class.php 第 92 行.
SQL: SHOW COLUMNS FROM `cms_menu` [ RunTime:0.0017s ]
SQL: SELECT * FROM `cms_menu` WHERE `status` = 1 AND `type` = 0 ORDER BY listorder desc,menu_id desc  [ RunTime:0.0004s ]
NOTIC: [8] Undefined index: name C:\wamp64\www\imooc\Application\Runtime\Cache\Home\2a94b8bda04ff446dcedd42276fc99ee.php 第 80 行.
NOTIC: [8] Undefined index: name C:\wamp64\www\imooc\Application\Runtime\Cache\Home\2a94b8bda04ff446dcedd42276fc99ee.php 第 80 行.
INFO: Run Behavior\ParseTemplateBehavior [ RunTime:0.020525s ]
INFO: [ view_parse ] --END-- [ RunTime:0.020624s ]
INFO: [ view_filter ] --START--
INFO: Run Behavior\WriteHtmlCacheBehavior [ RunTime:0.000520s ]
INFO: [ view_filter ] --END-- [ RunTime:0.000618s ]
INFO: [ app_end ] --START--
INFO: Run Behavior\ShowPageTraceBehavior [ RunTime:0.000612s ]
INFO: [ app_end ] --END-- [ RunTime:0.000704s ]

[ 2017-05-05T11:16:36+08:00 ] ::1 /index.php?c=index&a=getCount
INFO: [ app_init ] --START--
INFO: Run Behavior\BuildLiteBehavior [ RunTime:0.000040s ]
INFO: [ app_init ] --END-- [ RunTime:0.000745s ]
INFO: [ app_begin ] --START--
INFO: Run Behavior\ReadHtmlCacheBehavior [ RunTime:0.000651s ]
INFO: [ app_begin ] --END-- [ RunTime:0.000809s ]
NOTIC: [2048] Declaration of Home\Controller\CommonController::error() should be compatible with Think\Controller::error($message = '', $jumpUrl = '', $ajax = false) C:\wamp64\www\imooc\Application\Home\Controller\CommonController.class.php 第 24 行.
NOTIC: [2048] Declaration of Common\Model\NewsModel::find() should be compatible with Think\Model::find($options = Array) C:\wamp64\www\imooc\Application\Common\Model\NewsModel.class.php 第 9 行.
SQL: SHOW COLUMNS FROM `cms_news` [ RunTime:0.0010s ]
SQL: SELECT * FROM `cms_news` WHERE `news_id` IN ('24','23','22','21')  [ RunTime:0.0004s ]

[ 2017-05-05T11:16:40+08:00 ] ::1 /index.php?c=detail&id=24
INFO: [ app_init ] --START--
INFO: Run Behavior\BuildLiteBehavior [ RunTime:0.000020s ]
INFO: [ app_init ] --END-- [ RunTime:0.000329s ]
INFO: [ app_begin ] --START--
INFO: Run Behavior\ReadHtmlCacheBehavior [ RunTime:0.000387s ]
INFO: [ app_begin ] --END-- [ RunTime:0.000485s ]
NOTIC: [2048] Declaration of Home\Controller\CommonController::error() should be compatible with Think\Controller::error($message = '', $jumpUrl = '', $ajax = false) C:\wamp64\www\imooc\Application\Home\Controller\CommonController.class.php 第 24 行.
NOTIC: [2048] Declaration of Common\Model\NewsModel::find() should be compatible with Think\Model::find($options = Array) C:\wamp64\www\imooc\Application\Common\Model\NewsModel.class.php 第 9 行.
SQL: SHOW COLUMNS FROM `cms_news` [ RunTime:0.0011s ]
SQL: SELECT * FROM `cms_news` WHERE ( news_id=24 ) LIMIT 1   [ RunTime:0.0003s ]
SQL: UPDATE `cms_news` SET `count`='26' WHERE ( news_id=24 ) [ RunTime:0.0005s ]
NOTIC: [2048] Declaration of Common\Model\NewsContentModel::find() should be compatible with Think\Model::find($options = Array) C:\wamp64\www\imooc\Application\Common\Model\NewsContentModel.class.php 第 46 行.
SQL: SHOW COLUMNS FROM `cms_news_content` [ RunTime:0.0011s ]
SQL: SELECT * FROM `cms_news_content` WHERE ( news_id=24 ) LIMIT 1   [ RunTime:0.0003s ]
NOTIC: [2048] Declaration of Common\Model\PositionContentModel::find() should be compatible with Think\Model::find($options = Array) C:\wamp64\www\imooc\Application\Common\Model\PositionContentModel.class.php 第 89 行.
SQL: SHOW COLUMNS FROM `cms_position_content` [ RunTime:0.0008s ]
NOTIC: [8] Undefined index: title C:\wamp64\www\imooc\Application\Common\Model\PositionContentModel.class.php 第 18 行.
SQL: SELECT * FROM `cms_position_content` WHERE `status` = 1 AND `position_id` = 5 ORDER BY listorder desc ,id desc LIMIT 2   [ RunTime:0.0003s ]
SQL: SELECT * FROM `cms_news` WHERE `status` = 1 ORDER BY count desc,news_id desc  LIMIT 10   [ RunTime:0.0003s ]
INFO: [ view_parse ] --START--
INFO: [ template_filter ] --START--
INFO: Run Behavior\ContentReplaceBehavior [ RunTime:0.000067s ]
INFO: [ template_filter ] --END-- [ RunTime:0.000199s ]
NOTIC: [2048] Declaration of Common\Model\BasicModel::save() should be compatible with Think\Model::save($data = '', $options = Array) C:\wamp64\www\imooc\Application\Common\Model\BasicModel.class.php 第 30 行.
NOTIC: [2048] Declaration of Common\Model\BasicModel::select() should be compatible with Think\Model::select($options = Array) C:\wamp64\www\imooc\Application\Common\Model\BasicModel.class.php 第 30 行.
NOTIC: [2048] Declaration of Common\Model\MenuModel::find() should be compatible with Think\Model::find($options = Array) C:\wamp64\www\imooc\Application\Common\Model\MenuModel.class.php 第 92 行.
SQL: SHOW COLUMNS FROM `cms_menu` [ RunTime:0.0007s ]
SQL: SELECT * FROM `cms_menu` WHERE `status` = 1 AND `type` = 0 ORDER BY listorder desc,menu_id desc  [ RunTime:0.0003s ]
NOTIC: [8] Undefined index: name C:\wamp64\www\imooc\Application\Runtime\Cache\Home\0d75cb75cd30b13fdd4834afd69acb19.php 第 59 行.
NOTIC: [8] Undefined index: name C:\wamp64\www\imooc\Application\Runtime\Cache\Home\0d75cb75cd30b13fdd4834afd69acb19.php 第 59 行.
INFO: Run Behavior\ParseTemplateBehavior [ RunTime:0.019996s ]
INFO: [ view_parse ] --END-- [ RunTime:0.020085s ]
INFO: [ view_filter ] --START--
INFO: Run Behavior\WriteHtmlCacheBehavior [ RunTime:0.000381s ]
INFO: [ view_filter ] --END-- [ RunTime:0.000470s ]
INFO: [ app_end ] --START--
INFO: Run Behavior\ShowPageTraceBehavior [ RunTime:0.000519s ]
INFO: [ app_end ] --END-- [ RunTime:0.000613s ]

[ 2017-05-05T11:16:45+08:00 ] ::1 /
INFO: [ app_init ] --START--
INFO: Run Behavior\BuildLiteBehavior [ RunTime:0.000047s ]
INFO: [ app_init ] --END-- [ RunTime:0.000462s ]
INFO: [ app_begin ] --START--
INFO: Run Behavior\ReadHtmlCacheBehavior [ RunTime:0.000418s ]
INFO: [ app_begin ] --END-- [ RunTime:0.000512s ]
NOTIC: [2048] Declaration of Home\Controller\CommonController::error() should be compatible with Think\Controller::error($message = '', $jumpUrl = '', $ajax = false) C:\wamp64\www\imooc\Application\Home\Controller\CommonController.class.php 第 24 行.
NOTIC: [2048] Declaration of Common\Model\NewsModel::find() should be compatible with Think\Model::find($options = Array) C:\wamp64\www\imooc\Application\Common\Model\NewsModel.class.php 第 9 行.
SQL: SHOW COLUMNS FROM `cms_news` [ RunTime:0.0231s ]
SQL: SELECT * FROM `cms_news` WHERE `status` = 1 ORDER BY count desc,news_id desc  LIMIT 10   [ RunTime:0.0004s ]
NOTIC: [2048] Declaration of Common\Model\PositionContentModel::find() should be compatible with Think\Model::find($options = Array) C:\wamp64\www\imooc\Application\Common\Model\PositionContentModel.class.php 第 89 行.
SQL: SHOW COLUMNS FROM `cms_position_content` [ RunTime:0.0007s ]
NOTIC: [8] Undefined index: title C:\wamp64\www\imooc\Application\Common\Model\PositionContentModel.class.php 第 18 行.
SQL: SELECT * FROM `cms_position_content` WHERE `status` = 1 AND `position_id` = 2 ORDER BY listorder desc ,id desc LIMIT 1   [ RunTime:0.0003s ]
NOTIC: [8] Undefined index: title C:\wamp64\www\imooc\Application\Common\Model\PositionContentModel.class.php 第 18 行.
SQL: SELECT * FROM `cms_position_content` WHERE `status` = 1 AND `position_id` = 3 ORDER BY listorder desc ,id desc LIMIT 3   [ RunTime:0.0003s ]
SQL: SELECT * FROM `cms_news` WHERE `status` = 1 AND `thumb` <> '' ORDER BY news_id desc LIMIT 30   [ RunTime:0.0004s ]
NOTIC: [8] Undefined index: title C:\wamp64\www\imooc\Application\Common\Model\PositionContentModel.class.php 第 18 行.
SQL: SELECT * FROM `cms_position_content` WHERE `status` = 1 AND `position_id` = 5 ORDER BY listorder desc ,id desc LIMIT 2   [ RunTime:0.0003s ]
INFO: [ view_parse ] --START--
INFO: [ template_filter ] --START--
INFO: Run Behavior\ContentReplaceBehavior [ RunTime:0.000108s ]
INFO: [ template_filter ] --END-- [ RunTime:0.000318s ]
NOTIC: [2048] Declaration of Common\Model\BasicModel::save() should be compatible with Think\Model::save($data = '', $options = Array) C:\wamp64\www\imooc\Application\Common\Model\BasicModel.class.php 第 30 行.
NOTIC: [2048] Declaration of Common\Model\BasicModel::select() should be compatible with Think\Model::select($options = Array) C:\wamp64\www\imooc\Application\Common\Model\BasicModel.class.php 第 30 行.
NOTIC: [2048] Declaration of Common\Model\MenuModel::find() should be compatible with Think\Model::find($options = Array) C:\wamp64\www\imooc\Application\Common\Model\MenuModel.class.php 第 92 行.
SQL: SHOW COLUMNS FROM `cms_menu` [ RunTime:0.0007s ]
SQL: SELECT * FROM `cms_menu` WHERE `status` = 1 AND `type` = 0 ORDER BY listorder desc,menu_id desc  [ RunTime:0.0003s ]
NOTIC: [8] Undefined index: name C:\wamp64\www\imooc\Application\Runtime\Cache\Home\2a94b8bda04ff446dcedd42276fc99ee.php 第 80 行.
NOTIC: [8] Undefined index: name C:\wamp64\www\imooc\Application\Runtime\Cache\Home\2a94b8bda04ff446dcedd42276fc99ee.php 第 80 行.
INFO: Run Behavior\ParseTemplateBehavior [ RunTime:0.018142s ]
INFO: [ view_parse ] --END-- [ RunTime:0.018314s ]
INFO: [ view_filter ] --START--
INFO: Run Behavior\WriteHtmlCacheBehavior [ RunTime:0.000440s ]
INFO: [ view_filter ] --END-- [ RunTime:0.000523s ]
INFO: [ app_end ] --START--
INFO: Run Behavior\ShowPageTraceBehavior [ RunTime:0.000480s ]
INFO: [ app_end ] --END-- [ RunTime:0.000564s ]

[ 2017-05-05T11:16:45+08:00 ] ::1 /index.php?c=index&a=getCount
INFO: [ app_init ] --START--
INFO: Run Behavior\BuildLiteBehavior [ RunTime:0.000024s ]
INFO: [ app_init ] --END-- [ RunTime:0.000543s ]
INFO: [ app_begin ] --START--
INFO: Run Behavior\ReadHtmlCacheBehavior [ RunTime:0.000435s ]
INFO: [ app_begin ] --END-- [ RunTime:0.000535s ]
NOTIC: [2048] Declaration of Home\Controller\CommonController::error() should be compatible with Think\Controller::error($message = '', $jumpUrl = '', $ajax = false) C:\wamp64\www\imooc\Application\Home\Controller\CommonController.class.php 第 24 行.
NOTIC: [2048] Declaration of Common\Model\NewsModel::find() should be compatible with Think\Model::find($options = Array) C:\wamp64\www\imooc\Application\Common\Model\NewsModel.class.php 第 9 行.
SQL: SHOW COLUMNS FROM `cms_news` [ RunTime:0.0011s ]
SQL: SELECT * FROM `cms_news` WHERE `news_id` IN ('24','23','22','21')  [ RunTime:0.0005s ]

[ 2017-05-05T11:16:46+08:00 ] ::1 /index.php?c=cat&id=12
INFO: [ app_init ] --START--
INFO: Run Behavior\BuildLiteBehavior [ RunTime:0.000019s ]
INFO: [ app_init ] --END-- [ RunTime:0.000330s ]
INFO: [ app_begin ] --START--
INFO: Run Behavior\ReadHtmlCacheBehavior [ RunTime:0.000386s ]
INFO: [ app_begin ] --END-- [ RunTime:0.000482s ]
NOTIC: [2048] Declaration of Home\Controller\CommonController::error() should be compatible with Think\Controller::error($message = '', $jumpUrl = '', $ajax = false) C:\wamp64\www\imooc\Application\Home\Controller\CommonController.class.php 第 24 行.
NOTIC: [2048] Declaration of Common\Model\MenuModel::find() should be compatible with Think\Model::find($options = Array) C:\wamp64\www\imooc\Application\Common\Model\MenuModel.class.php 第 5 行.
SQL: SHOW COLUMNS FROM `cms_menu` [ RunTime:0.0008s ]
SQL: SELECT * FROM `cms_menu` WHERE ( menu_id=12 ) LIMIT 1   [ RunTime:0.0002s ]
NOTIC: [2048] Declaration of Common\Model\PositionContentModel::find() should be compatible with Think\Model::find($options = Array) C:\wamp64\www\imooc\Application\Common\Model\PositionContentModel.class.php 第 89 行.
SQL: SHOW COLUMNS FROM `cms_position_content` [ RunTime:0.0006s ]
NOTIC: [8] Undefined index: title C:\wamp64\www\imooc\Application\Common\Model\PositionContentModel.class.php 第 18 行.
SQL: SELECT * FROM `cms_position_content` WHERE `status` = 1 AND `position_id` = 5 ORDER BY listorder desc ,id desc LIMIT 2   [ RunTime:0.0004s ]
NOTIC: [2048] Declaration of Common\Model\NewsModel::find() should be compatible with Think\Model::find($options = Array) C:\wamp64\www\imooc\Application\Common\Model\NewsModel.class.php 第 145 行.
SQL: SHOW COLUMNS FROM `cms_news` [ RunTime:0.0008s ]
SQL: SELECT * FROM `cms_news` WHERE `status` = 1 ORDER BY count desc,news_id desc  LIMIT 10   [ RunTime:0.0004s ]
NOTIC: [8] Undefined index: p C:\wamp64\www\imooc\Application\Home\Controller\CatController.class.php 第 18 行.
SQL: SELECT * FROM `cms_news` WHERE `status` <> -1 AND `thumb` <> '' AND `catid` = 12 ORDER BY listorder desc ,news_id desc LIMIT 0,20   [ RunTime:0.0096s ]
SQL: SELECT COUNT(*) AS tp_count FROM `cms_news` WHERE `status` <> -1 AND `thumb` <> '' AND `catid` = 12 LIMIT 1   [ RunTime:0.0004s ]
NOTIC: [8] Undefined variable: sing_path C:\wamp64\www\imooc\ThinkPHP\Common\functions.php 第 991 行.
INFO: [ view_parse ] --START--
INFO: [ template_filter ] --START--
INFO: Run Behavior\ContentReplaceBehavior [ RunTime:0.000065s ]
INFO: [ template_filter ] --END-- [ RunTime:0.000162s ]
NOTIC: [2048] Declaration of Common\Model\BasicModel::save() should be compatible with Think\Model::save($data = '', $options = Array) C:\wamp64\www\imooc\Application\Common\Model\BasicModel.class.php 第 30 行.
NOTIC: [2048] Declaration of Common\Model\BasicModel::select() should be compatible with Think\Model::select($options = Array) C:\wamp64\www\imooc\Application\Common\Model\BasicModel.class.php 第 30 行.
SQL: SELECT * FROM `cms_menu` WHERE `status` = 1 AND `type` = 0 ORDER BY listorder desc,menu_id desc  [ RunTime:0.0004s ]
NOTIC: [8] Undefined index: name C:\wamp64\www\imooc\Application\Runtime\Cache\Home\14fcc139096cfd1d2075eb8db7e60b1e.php 第 71 行.
NOTIC: [8] Undefined index: name C:\wamp64\www\imooc\Application\Runtime\Cache\Home\14fcc139096cfd1d2075eb8db7e60b1e.php 第 71 行.
INFO: Run Behavior\ParseTemplateBehavior [ RunTime:0.056463s ]
INFO: [ view_parse ] --END-- [ RunTime:0.056554s ]
INFO: [ view_filter ] --START--
INFO: Run Behavior\WriteHtmlCacheBehavior [ RunTime:0.000531s ]
INFO: [ view_filter ] --END-- [ RunTime:0.000627s ]
INFO: [ app_end ] --START--
INFO: Run Behavior\ShowPageTraceBehavior [ RunTime:0.000663s ]
INFO: [ app_end ] --END-- [ RunTime:0.000757s ]

[ 2017-05-05T11:16:47+08:00 ] ::1 /index.php?c=cat&id=8
INFO: [ app_init ] --START--
INFO: Run Behavior\BuildLiteBehavior [ RunTime:0.000018s ]
INFO: [ app_init ] --END-- [ RunTime:0.000312s ]
INFO: [ app_begin ] --START--
INFO: Run Behavior\ReadHtmlCacheBehavior [ RunTime:0.000364s ]
INFO: [ app_begin ] --END-- [ RunTime:0.000454s ]
NOTIC: [2048] Declaration of Home\Controller\CommonController::error() should be compatible with Think\Controller::error($message = '', $jumpUrl = '', $ajax = false) C:\wamp64\www\imooc\Application\Home\Controller\CommonController.class.php 第 24 行.
NOTIC: [2048] Declaration of Common\Model\MenuModel::find() should be compatible with Think\Model::find($options = Array) C:\wamp64\www\imooc\Application\Common\Model\MenuModel.class.php 第 5 行.
SQL: SHOW COLUMNS FROM `cms_menu` [ RunTime:0.0008s ]
SQL: SELECT * FROM `cms_menu` WHERE ( menu_id=8 ) LIMIT 1   [ RunTime:0.0002s ]
NOTIC: [2048] Declaration of Common\Model\PositionContentModel::find() should be compatible with Think\Model::find($options = Array) C:\wamp64\www\imooc\Application\Common\Model\PositionContentModel.class.php 第 89 行.
SQL: SHOW COLUMNS FROM `cms_position_content` [ RunTime:0.0006s ]
NOTIC: [8] Undefined index: title C:\wamp64\www\imooc\Application\Common\Model\PositionContentModel.class.php 第 18 行.
SQL: SELECT * FROM `cms_position_content` WHERE `status` = 1 AND `position_id` = 5 ORDER BY listorder desc ,id desc LIMIT 2   [ RunTime:0.0003s ]
NOTIC: [2048] Declaration of Common\Model\NewsModel::find() should be compatible with Think\Model::find($options = Array) C:\wamp64\www\imooc\Application\Common\Model\NewsModel.class.php 第 145 行.
SQL: SHOW COLUMNS FROM `cms_news` [ RunTime:0.0008s ]
SQL: SELECT * FROM `cms_news` WHERE `status` = 1 ORDER BY count desc,news_id desc  LIMIT 10   [ RunTime:0.0004s ]
NOTIC: [8] Undefined index: p C:\wamp64\www\imooc\Application\Home\Controller\CatController.class.php 第 18 行.
SQL: SELECT * FROM `cms_news` WHERE `status` <> -1 AND `thumb` <> '' AND `catid` = 8 ORDER BY listorder desc ,news_id desc LIMIT 0,20   [ RunTime:0.0004s ]
SQL: SELECT COUNT(*) AS tp_count FROM `cms_news` WHERE `status` <> -1 AND `thumb` <> '' AND `catid` = 8 LIMIT 1   [ RunTime:0.0003s ]
INFO: [ view_parse ] --START--
INFO: [ template_filter ] --START--
INFO: Run Behavior\ContentReplaceBehavior [ RunTime:0.000063s ]
INFO: [ template_filter ] --END-- [ RunTime:0.000161s ]
NOTIC: [2048] Declaration of Common\Model\BasicModel::save() should be compatible with Think\Model::save($data = '', $options = Array) C:\wamp64\www\imooc\Application\Common\Model\BasicModel.class.php 第 30 行.
NOTIC: [2048] Declaration of Common\Model\BasicModel::select() should be compatible with Think\Model::select($options = Array) C:\wamp64\www\imooc\Application\Common\Model\BasicModel.class.php 第 30 行.
SQL: SELECT * FROM `cms_menu` WHERE `status` = 1 AND `type` = 0 ORDER BY listorder desc,menu_id desc  [ RunTime:0.0004s ]
NOTIC: [8] Undefined index: name C:\wamp64\www\imooc\Application\Runtime\Cache\Home\14fcc139096cfd1d2075eb8db7e60b1e.php 第 71 行.
NOTIC: [8] Undefined index: name C:\wamp64\www\imooc\Application\Runtime\Cache\Home\14fcc139096cfd1d2075eb8db7e60b1e.php 第 71 行.
INFO: Run Behavior\ParseTemplateBehavior [ RunTime:0.013890s ]
INFO: [ view_parse ] --END-- [ RunTime:0.014040s ]
INFO: [ view_filter ] --START--
INFO: Run Behavior\WriteHtmlCacheBehavior [ RunTime:0.000665s ]
INFO: [ view_filter ] --END-- [ RunTime:0.000796s ]
INFO: [ app_end ] --START--
INFO: Run Behavior\ShowPageTraceBehavior [ RunTime:0.000658s ]
INFO: [ app_end ] --END-- [ RunTime:0.000749s ]

[ 2017-05-05T11:16:48+08:00 ] ::1 /index.php?c=cat&id=12
INFO: [ app_init ] --START--
INFO: Run Behavior\BuildLiteBehavior [ RunTime:0.000019s ]
INFO: [ app_init ] --END-- [ RunTime:0.000322s ]
INFO: [ app_begin ] --START--
INFO: Run Behavior\ReadHtmlCacheBehavior [ RunTime:0.000402s ]
INFO: [ app_begin ] --END-- [ RunTime:0.000496s ]
NOTIC: [2048] Declaration of Home\Controller\CommonController::error() should be compatible with Think\Controller::error($message = '', $jumpUrl = '', $ajax = false) C:\wamp64\www\imooc\Application\Home\Controller\CommonController.class.php 第 24 行.
NOTIC: [2048] Declaration of Common\Model\MenuModel::find() should be compatible with Think\Model::find($options = Array) C:\wamp64\www\imooc\Application\Common\Model\MenuModel.class.php 第 5 行.
SQL: SHOW COLUMNS FROM `cms_menu` [ RunTime:0.0011s ]
SQL: SELECT * FROM `cms_menu` WHERE ( menu_id=12 ) LIMIT 1   [ RunTime:0.0004s ]
NOTIC: [2048] Declaration of Common\Model\PositionContentModel::find() should be compatible with Think\Model::find($options = Array) C:\wamp64\www\imooc\Application\Common\Model\PositionContentModel.class.php 第 89 行.
SQL: SHOW COLUMNS FROM `cms_position_content` [ RunTime:0.0009s ]
NOTIC: [8] Undefined index: title C:\wamp64\www\imooc\Application\Common\Model\PositionContentModel.class.php 第 18 行.
SQL: SELECT * FROM `cms_position_content` WHERE `status` = 1 AND `position_id` = 5 ORDER BY listorder desc ,id desc LIMIT 2   [ RunTime:0.0004s ]
NOTIC: [2048] Declaration of Common\Model\NewsModel::find() should be compatible with Think\Model::find($options = Array) C:\wamp64\www\imooc\Application\Common\Model\NewsModel.class.php 第 145 行.
SQL: SHOW COLUMNS FROM `cms_news` [ RunTime:0.0008s ]
SQL: SELECT * FROM `cms_news` WHERE `status` = 1 ORDER BY count desc,news_id desc  LIMIT 10   [ RunTime:0.0004s ]
NOTIC: [8] Undefined index: p C:\wamp64\www\imooc\Application\Home\Controller\CatController.class.php 第 18 行.
SQL: SELECT * FROM `cms_news` WHERE `status` <> -1 AND `thumb` <> '' AND `catid` = 12 ORDER BY listorder desc ,news_id desc LIMIT 0,20   [ RunTime:0.0003s ]
SQL: SELECT COUNT(*) AS tp_count FROM `cms_news` WHERE `status` <> -1 AND `thumb` <> '' AND `catid` = 12 LIMIT 1   [ RunTime:0.0003s ]
NOTIC: [8] Undefined variable: sing_path C:\wamp64\www\imooc\ThinkPHP\Common\functions.php 第 991 行.
INFO: [ view_parse ] --START--
INFO: [ template_filter ] --START--
INFO: Run Behavior\ContentReplaceBehavior [ RunTime:0.000061s ]
INFO: [ template_filter ] --END-- [ RunTime:0.000165s ]
NOTIC: [2048] Declaration of Common\Model\BasicModel::save() should be compatible with Think\Model::save($data = '', $options = Array) C:\wamp64\www\imooc\Application\Common\Model\BasicModel.class.php 第 30 行.
NOTIC: [2048] Declaration of Common\Model\BasicModel::select() should be compatible with Think\Model::select($options = Array) C:\wamp64\www\imooc\Application\Common\Model\BasicModel.class.php 第 30 行.
SQL: SELECT * FROM `cms_menu` WHERE `status` = 1 AND `type` = 0 ORDER BY listorder desc,menu_id desc  [ RunTime:0.0005s ]
NOTIC: [8] Undefined index: name C:\wamp64\www\imooc\Application\Runtime\Cache\Home\14fcc139096cfd1d2075eb8db7e60b1e.php 第 71 行.
NOTIC: [8] Undefined index: name C:\wamp64\www\imooc\Application\Runtime\Cache\Home\14fcc139096cfd1d2075eb8db7e60b1e.php 第 71 行.
INFO: Run Behavior\ParseTemplateBehavior [ RunTime:0.014016s ]
INFO: [ view_parse ] --END-- [ RunTime:0.014105s ]
INFO: [ view_filter ] --START--
INFO: Run Behavior\WriteHtmlCacheBehavior [ RunTime:0.000531s ]
INFO: [ view_filter ] --END-- [ RunTime:0.000682s ]
INFO: [ app_end ] --START--
INFO: Run Behavior\ShowPageTraceBehavior [ RunTime:0.000720s ]
INFO: [ app_end ] --END-- [ RunTime:0.000820s ]

[ 2017-05-05T11:16:48+08:00 ] ::1 /index.php?c=cat&id=3
INFO: [ app_init ] --START--
INFO: Run Behavior\BuildLiteBehavior [ RunTime:0.000018s ]
INFO: [ app_init ] --END-- [ RunTime:0.000370s ]
INFO: [ app_begin ] --START--
INFO: Run Behavior\ReadHtmlCacheBehavior [ RunTime:0.000401s ]
INFO: [ app_begin ] --END-- [ RunTime:0.000494s ]
NOTIC: [2048] Declaration of Home\Controller\CommonController::error() should be compatible with Think\Controller::error($message = '', $jumpUrl = '', $ajax = false) C:\wamp64\www\imooc\Application\Home\Controller\CommonController.class.php 第 24 行.
NOTIC: [2048] Declaration of Common\Model\MenuModel::find() should be compatible with Think\Model::find($options = Array) C:\wamp64\www\imooc\Application\Common\Model\MenuModel.class.php 第 5 行.
SQL: SHOW COLUMNS FROM `cms_menu` [ RunTime:0.0009s ]
SQL: SELECT * FROM `cms_menu` WHERE ( menu_id=3 ) LIMIT 1   [ RunTime:0.0002s ]
NOTIC: [2048] Declaration of Common\Model\PositionContentModel::find() should be compatible with Think\Model::find($options = Array) C:\wamp64\www\imooc\Application\Common\Model\PositionContentModel.class.php 第 89 行.
SQL: SHOW COLUMNS FROM `cms_position_content` [ RunTime:0.0006s ]
NOTIC: [8] Undefined index: title C:\wamp64\www\imooc\Application\Common\Model\PositionContentModel.class.php 第 18 行.
SQL: SELECT * FROM `cms_position_content` WHERE `status` = 1 AND `position_id` = 5 ORDER BY listorder desc ,id desc LIMIT 2   [ RunTime:0.0003s ]
NOTIC: [2048] Declaration of Common\Model\NewsModel::find() should be compatible with Think\Model::find($options = Array) C:\wamp64\www\imooc\Application\Common\Model\NewsModel.class.php 第 145 行.
SQL: SHOW COLUMNS FROM `cms_news` [ RunTime:0.0007s ]
SQL: SELECT * FROM `cms_news` WHERE `status` = 1 ORDER BY count desc,news_id desc  LIMIT 10   [ RunTime:0.0004s ]
NOTIC: [8] Undefined index: p C:\wamp64\www\imooc\Application\Home\Controller\CatController.class.php 第 18 行.
SQL: SELECT * FROM `cms_news` WHERE `status` <> -1 AND `thumb` <> '' AND `catid` = 3 ORDER BY listorder desc ,news_id desc LIMIT 0,20   [ RunTime:0.0003s ]
SQL: SELECT COUNT(*) AS tp_count FROM `cms_news` WHERE `status` <> -1 AND `thumb` <> '' AND `catid` = 3 LIMIT 1   [ RunTime:0.0003s ]
NOTIC: [8] Undefined variable: sing_path C:\wamp64\www\imooc\ThinkPHP\Common\functions.php 第 991 行.
INFO: [ view_parse ] --START--
INFO: [ template_filter ] --START--
INFO: Run Behavior\ContentReplaceBehavior [ RunTime:0.000063s ]
INFO: [ template_filter ] --END-- [ RunTime:0.000158s ]
NOTIC: [2048] Declaration of Common\Model\BasicModel::save() should be compatible with Think\Model::save($data = '', $options = Array) C:\wamp64\www\imooc\Application\Common\Model\BasicModel.class.php 第 30 行.
NOTIC: [2048] Declaration of Common\Model\BasicModel::select() should be compatible with Think\Model::select($options = Array) C:\wamp64\www\imooc\Application\Common\Model\BasicModel.class.php 第 30 行.
SQL: SELECT * FROM `cms_menu` WHERE `status` = 1 AND `type` = 0 ORDER BY listorder desc,menu_id desc  [ RunTime:0.0004s ]
NOTIC: [8] Undefined index: name C:\wamp64\www\imooc\Application\Runtime\Cache\Home\14fcc139096cfd1d2075eb8db7e60b1e.php 第 71 行.
NOTIC: [8] Undefined index: name C:\wamp64\www\imooc\Application\Runtime\Cache\Home\14fcc139096cfd1d2075eb8db7e60b1e.php 第 71 行.
INFO: Run Behavior\ParseTemplateBehavior [ RunTime:0.013724s ]
INFO: [ view_parse ] --END-- [ RunTime:0.013813s ]
INFO: [ view_filter ] --START--
INFO: Run Behavior\WriteHtmlCacheBehavior [ RunTime:0.000373s ]
INFO: [ view_filter ] --END-- [ RunTime:0.000458s ]
INFO: [ app_end ] --START--
INFO: Run Behavior\ShowPageTraceBehavior [ RunTime:0.000487s ]
INFO: [ app_end ] --END-- [ RunTime:0.000574s ]

[ 2017-05-05T11:16:49+08:00 ] ::1 /
INFO: [ app_init ] --START--
INFO: Run Behavior\BuildLiteBehavior [ RunTime:0.000019s ]
INFO: [ app_init ] --END-- [ RunTime:0.000316s ]
INFO: [ app_begin ] --START--
INFO: Run Behavior\ReadHtmlCacheBehavior [ RunTime:0.000361s ]
INFO: [ app_begin ] --END-- [ RunTime:0.000452s ]
NOTIC: [2048] Declaration of Home\Controller\CommonController::error() should be compatible with Think\Controller::error($message = '', $jumpUrl = '', $ajax = false) C:\wamp64\www\imooc\Application\Home\Controller\CommonController.class.php 第 24 行.
NOTIC: [2048] Declaration of Common\Model\NewsModel::find() should be compatible with Think\Model::find($options = Array) C:\wamp64\www\imooc\Application\Common\Model\NewsModel.class.php 第 9 行.
SQL: SHOW COLUMNS FROM `cms_news` [ RunTime:0.0012s ]
SQL: SELECT * FROM `cms_news` WHERE `status` = 1 ORDER BY count desc,news_id desc  LIMIT 10   [ RunTime:0.0006s ]
NOTIC: [2048] Declaration of Common\Model\PositionContentModel::find() should be compatible with Think\Model::find($options = Array) C:\wamp64\www\imooc\Application\Common\Model\PositionContentModel.class.php 第 89 行.
SQL: SHOW COLUMNS FROM `cms_position_content` [ RunTime:0.0007s ]
NOTIC: [8] Undefined index: title C:\wamp64\www\imooc\Application\Common\Model\PositionContentModel.class.php 第 18 行.
SQL: SELECT * FROM `cms_position_content` WHERE `status` = 1 AND `position_id` = 2 ORDER BY listorder desc ,id desc LIMIT 1   [ RunTime:0.0003s ]
NOTIC: [8] Undefined index: title C:\wamp64\www\imooc\Application\Common\Model\PositionContentModel.class.php 第 18 行.
SQL: SELECT * FROM `cms_position_content` WHERE `status` = 1 AND `position_id` = 3 ORDER BY listorder desc ,id desc LIMIT 3   [ RunTime:0.0002s ]
SQL: SELECT * FROM `cms_news` WHERE `status` = 1 AND `thumb` <> '' ORDER BY news_id desc LIMIT 30   [ RunTime:0.0003s ]
NOTIC: [8] Undefined index: title C:\wamp64\www\imooc\Application\Common\Model\PositionContentModel.class.php 第 18 行.
SQL: SELECT * FROM `cms_position_content` WHERE `status` = 1 AND `position_id` = 5 ORDER BY listorder desc ,id desc LIMIT 2   [ RunTime:0.0003s ]
INFO: [ view_parse ] --START--
INFO: [ template_filter ] --START--
INFO: Run Behavior\ContentReplaceBehavior [ RunTime:0.000069s ]
INFO: [ template_filter ] --END-- [ RunTime:0.000164s ]
NOTIC: [2048] Declaration of Common\Model\BasicModel::save() should be compatible with Think\Model::save($data = '', $options = Array) C:\wamp64\www\imooc\Application\Common\Model\BasicModel.class.php 第 30 行.
NOTIC: [2048] Declaration of Common\Model\BasicModel::select() should be compatible with Think\Model::select($options = Array) C:\wamp64\www\imooc\Application\Common\Model\BasicModel.class.php 第 30 行.
NOTIC: [2048] Declaration of Common\Model\MenuModel::find() should be compatible with Think\Model::find($options = Array) C:\wamp64\www\imooc\Application\Common\Model\MenuModel.class.php 第 92 行.
SQL: SHOW COLUMNS FROM `cms_menu` [ RunTime:0.0007s ]
SQL: SELECT * FROM `cms_menu` WHERE `status` = 1 AND `type` = 0 ORDER BY listorder desc,menu_id desc  [ RunTime:0.0004s ]
NOTIC: [8] Undefined index: name C:\wamp64\www\imooc\Application\Runtime\Cache\Home\2a94b8bda04ff446dcedd42276fc99ee.php 第 80 行.
NOTIC: [8] Undefined index: name C:\wamp64\www\imooc\Application\Runtime\Cache\Home\2a94b8bda04ff446dcedd42276fc99ee.php 第 80 行.
INFO: Run Behavior\ParseTemplateBehavior [ RunTime:0.017464s ]
INFO: [ view_parse ] --END-- [ RunTime:0.017550s ]
INFO: [ view_filter ] --START--
INFO: Run Behavior\WriteHtmlCacheBehavior [ RunTime:0.000402s ]
INFO: [ view_filter ] --END-- [ RunTime:0.000484s ]
INFO: [ app_end ] --START--
INFO: Run Behavior\ShowPageTraceBehavior [ RunTime:0.000489s ]
INFO: [ app_end ] --END-- [ RunTime:0.000585s ]

[ 2017-05-05T11:16:49+08:00 ] ::1 /index.php?c=index&a=getCount
INFO: [ app_init ] --START--
INFO: Run Behavior\BuildLiteBehavior [ RunTime:0.000022s ]
INFO: [ app_init ] --END-- [ RunTime:0.000524s ]
INFO: [ app_begin ] --START--
INFO: Run Behavior\ReadHtmlCacheBehavior [ RunTime:0.000731s ]
INFO: [ app_begin ] --END-- [ RunTime:0.000834s ]
NOTIC: [2048] Declaration of Home\Controller\CommonController::error() should be compatible with Think\Controller::error($message = '', $jumpUrl = '', $ajax = false) C:\wamp64\www\imooc\Application\Home\Controller\CommonController.class.php 第 24 行.
NOTIC: [2048] Declaration of Common\Model\NewsModel::find() should be compatible with Think\Model::find($options = Array) C:\wamp64\www\imooc\Application\Common\Model\NewsModel.class.php 第 9 行.
SQL: SHOW COLUMNS FROM `cms_news` [ RunTime:0.0012s ]
SQL: SELECT * FROM `cms_news` WHERE `news_id` IN ('24','23','22','21')  [ RunTime:0.0004s ]

[ 2017-05-05T11:17:43+08:00 ] ::1 /index.php?c=detail&id=23
INFO: [ app_init ] --START--
INFO: Run Behavior\BuildLiteBehavior [ RunTime:0.000034s ]
INFO: [ app_init ] --END-- [ RunTime:0.000531s ]
INFO: [ app_begin ] --START--
INFO: Run Behavior\ReadHtmlCacheBehavior [ RunTime:0.000575s ]
INFO: [ app_begin ] --END-- [ RunTime:0.000721s ]
NOTIC: [2048] Declaration of Home\Controller\CommonController::error() should be compatible with Think\Controller::error($message = '', $jumpUrl = '', $ajax = false) C:\wamp64\www\imooc\Application\Home\Controller\CommonController.class.php 第 24 行.
NOTIC: [2048] Declaration of Common\Model\NewsModel::find() should be compatible with Think\Model::find($options = Array) C:\wamp64\www\imooc\Application\Common\Model\NewsModel.class.php 第 9 行.
SQL: SHOW COLUMNS FROM `cms_news` [ RunTime:0.0012s ]
SQL: SELECT * FROM `cms_news` WHERE ( news_id=23 ) LIMIT 1   [ RunTime:0.0003s ]
SQL: UPDATE `cms_news` SET `count`='23' WHERE ( news_id=23 ) [ RunTime:0.0003s ]
NOTIC: [2048] Declaration of Common\Model\NewsContentModel::find() should be compatible with Think\Model::find($options = Array) C:\wamp64\www\imooc\Application\Common\Model\NewsContentModel.class.php 第 46 行.
SQL: SHOW COLUMNS FROM `cms_news_content` [ RunTime:0.0009s ]
SQL: SELECT * FROM `cms_news_content` WHERE ( news_id=23 ) LIMIT 1   [ RunTime:0.0003s ]
NOTIC: [2048] Declaration of Common\Model\PositionContentModel::find() should be compatible with Think\Model::find($options = Array) C:\wamp64\www\imooc\Application\Common\Model\PositionContentModel.class.php 第 89 行.
SQL: SHOW COLUMNS FROM `cms_position_content` [ RunTime:0.0023s ]
NOTIC: [8] Undefined index: title C:\wamp64\www\imooc\Application\Common\Model\PositionContentModel.class.php 第 18 行.
SQL: SELECT * FROM `cms_position_content` WHERE `status` = 1 AND `position_id` = 5 ORDER BY listorder desc ,id desc LIMIT 2   [ RunTime:0.0008s ]
SQL: SELECT * FROM `cms_news` WHERE `status` = 1 ORDER BY count desc,news_id desc  LIMIT 10   [ RunTime:0.0006s ]
INFO: [ view_parse ] --START--
INFO: [ template_filter ] --START--
INFO: Run Behavior\ContentReplaceBehavior [ RunTime:0.000076s ]
INFO: [ template_filter ] --END-- [ RunTime:0.000182s ]
NOTIC: [2048] Declaration of Common\Model\BasicModel::save() should be compatible with Think\Model::save($data = '', $options = Array) C:\wamp64\www\imooc\Application\Common\Model\BasicModel.class.php 第 30 行.
NOTIC: [2048] Declaration of Common\Model\BasicModel::select() should be compatible with Think\Model::select($options = Array) C:\wamp64\www\imooc\Application\Common\Model\BasicModel.class.php 第 30 行.
NOTIC: [2048] Declaration of Common\Model\MenuModel::find() should be compatible with Think\Model::find($options = Array) C:\wamp64\www\imooc\Application\Common\Model\MenuModel.class.php 第 92 行.
SQL: SHOW COLUMNS FROM `cms_menu` [ RunTime:0.0010s ]
SQL: SELECT * FROM `cms_menu` WHERE `status` = 1 AND `type` = 0 ORDER BY listorder desc,menu_id desc  [ RunTime:0.0005s ]
NOTIC: [8] Undefined index: name C:\wamp64\www\imooc\Application\Runtime\Cache\Home\0d75cb75cd30b13fdd4834afd69acb19.php 第 59 行.
NOTIC: [8] Undefined index: name C:\wamp64\www\imooc\Application\Runtime\Cache\Home\0d75cb75cd30b13fdd4834afd69acb19.php 第 59 行.
INFO: Run Behavior\ParseTemplateBehavior [ RunTime:0.018534s ]
INFO: [ view_parse ] --END-- [ RunTime:0.018625s ]
INFO: [ view_filter ] --START--
INFO: Run Behavior\WriteHtmlCacheBehavior [ RunTime:0.000464s ]
INFO: [ view_filter ] --END-- [ RunTime:0.000548s ]
INFO: [ app_end ] --START--
INFO: Run Behavior\ShowPageTraceBehavior [ RunTime:0.000495s ]
INFO: [ app_end ] --END-- [ RunTime:0.000580s ]

[ 2017-05-05T11:17:55+08:00 ] ::1 /index.php?c=cat&id=3
INFO: [ app_init ] --START--
INFO: Run Behavior\BuildLiteBehavior [ RunTime:0.000019s ]
INFO: [ app_init ] --END-- [ RunTime:0.000317s ]
INFO: [ app_begin ] --START--
INFO: Run Behavior\ReadHtmlCacheBehavior [ RunTime:0.000723s ]
INFO: [ app_begin ] --END-- [ RunTime:0.000883s ]
NOTIC: [2048] Declaration of Home\Controller\CommonController::error() should be compatible with Think\Controller::error($message = '', $jumpUrl = '', $ajax = false) C:\wamp64\www\imooc\Application\Home\Controller\CommonController.class.php 第 24 行.
NOTIC: [2048] Declaration of Common\Model\MenuModel::find() should be compatible with Think\Model::find($options = Array) C:\wamp64\www\imooc\Application\Common\Model\MenuModel.class.php 第 5 行.
SQL: SHOW COLUMNS FROM `cms_menu` [ RunTime:0.0011s ]
SQL: SELECT * FROM `cms_menu` WHERE ( menu_id=3 ) LIMIT 1   [ RunTime:0.0002s ]
NOTIC: [2048] Declaration of Common\Model\PositionContentModel::find() should be compatible with Think\Model::find($options = Array) C:\wamp64\www\imooc\Application\Common\Model\PositionContentModel.class.php 第 89 行.
SQL: SHOW COLUMNS FROM `cms_position_content` [ RunTime:0.0006s ]
NOTIC: [8] Undefined index: title C:\wamp64\www\imooc\Application\Common\Model\PositionContentModel.class.php 第 18 行.
SQL: SELECT * FROM `cms_position_content` WHERE `status` = 1 AND `position_id` = 5 ORDER BY listorder desc ,id desc LIMIT 2   [ RunTime:0.0002s ]
NOTIC: [2048] Declaration of Common\Model\NewsModel::find() should be compatible with Think\Model::find($options = Array) C:\wamp64\www\imooc\Application\Common\Model\NewsModel.class.php 第 145 行.
SQL: SHOW COLUMNS FROM `cms_news` [ RunTime:0.0188s ]
SQL: SELECT * FROM `cms_news` WHERE `status` = 1 ORDER BY count desc,news_id desc  LIMIT 10   [ RunTime:0.0006s ]
NOTIC: [8] Undefined index: p C:\wamp64\www\imooc\Application\Home\Controller\CatController.class.php 第 18 行.
SQL: SELECT * FROM `cms_news` WHERE `status` <> -1 AND `thumb` <> '' AND `catid` = 3 ORDER BY listorder desc ,news_id desc LIMIT 0,20   [ RunTime:0.0004s ]
SQL: SELECT COUNT(*) AS tp_count FROM `cms_news` WHERE `status` <> -1 AND `thumb` <> '' AND `catid` = 3 LIMIT 1   [ RunTime:0.0003s ]
NOTIC: [8] Undefined variable: sing_path C:\wamp64\www\imooc\ThinkPHP\Common\functions.php 第 991 行.
INFO: [ view_parse ] --START--
INFO: [ template_filter ] --START--
INFO: Run Behavior\ContentReplaceBehavior [ RunTime:0.000064s ]
INFO: [ template_filter ] --END-- [ RunTime:0.000159s ]
NOTIC: [2048] Declaration of Common\Model\BasicModel::save() should be compatible with Think\Model::save($data = '', $options = Array) C:\wamp64\www\imooc\Application\Common\Model\BasicModel.class.php 第 30 行.
NOTIC: [2048] Declaration of Common\Model\BasicModel::select() should be compatible with Think\Model::select($options = Array) C:\wamp64\www\imooc\Application\Common\Model\BasicModel.class.php 第 30 行.
SQL: SELECT * FROM `cms_menu` WHERE `status` = 1 AND `type` = 0 ORDER BY listorder desc,menu_id desc  [ RunTime:0.0004s ]
NOTIC: [8] Undefined index: name C:\wamp64\www\imooc\Application\Runtime\Cache\Home\14fcc139096cfd1d2075eb8db7e60b1e.php 第 71 行.
NOTIC: [8] Undefined index: name C:\wamp64\www\imooc\Application\Runtime\Cache\Home\14fcc139096cfd1d2075eb8db7e60b1e.php 第 71 行.
INFO: Run Behavior\ParseTemplateBehavior [ RunTime:0.014259s ]
INFO: [ view_parse ] --END-- [ RunTime:0.014350s ]
INFO: [ view_filter ] --START--
INFO: Run Behavior\WriteHtmlCacheBehavior [ RunTime:0.000872s ]
INFO: [ view_filter ] --END-- [ RunTime:0.001009s ]
INFO: [ app_end ] --START--
INFO: Run Behavior\ShowPageTraceBehavior [ RunTime:0.000839s ]
INFO: [ app_end ] --END-- [ RunTime:0.000942s ]

[ 2017-05-05T11:17:56+08:00 ] ::1 /index.php?c=cat&id=12
INFO: [ app_init ] --START--
INFO: Run Behavior\BuildLiteBehavior [ RunTime:0.000059s ]
INFO: [ app_init ] --END-- [ RunTime:0.000423s ]
INFO: [ app_begin ] --START--
INFO: Run Behavior\ReadHtmlCacheBehavior [ RunTime:0.000431s ]
INFO: [ app_begin ] --END-- [ RunTime:0.000552s ]
NOTIC: [2048] Declaration of Home\Controller\CommonController::error() should be compatible with Think\Controller::error($message = '', $jumpUrl = '', $ajax = false) C:\wamp64\www\imooc\Application\Home\Controller\CommonController.class.php 第 24 行.
NOTIC: [2048] Declaration of Common\Model\MenuModel::find() should be compatible with Think\Model::find($options = Array) C:\wamp64\www\imooc\Application\Common\Model\MenuModel.class.php 第 5 行.
SQL: SHOW COLUMNS FROM `cms_menu` [ RunTime:0.0010s ]
SQL: SELECT * FROM `cms_menu` WHERE ( menu_id=12 ) LIMIT 1   [ RunTime:0.0003s ]
NOTIC: [2048] Declaration of Common\Model\PositionContentModel::find() should be compatible with Think\Model::find($options = Array) C:\wamp64\www\imooc\Application\Common\Model\PositionContentModel.class.php 第 89 行.
SQL: SHOW COLUMNS FROM `cms_position_content` [ RunTime:0.0007s ]
NOTIC: [8] Undefined index: title C:\wamp64\www\imooc\Application\Common\Model\PositionContentModel.class.php 第 18 行.
SQL: SELECT * FROM `cms_position_content` WHERE `status` = 1 AND `position_id` = 5 ORDER BY listorder desc ,id desc LIMIT 2   [ RunTime:0.0003s ]
NOTIC: [2048] Declaration of Common\Model\NewsModel::find() should be compatible with Think\Model::find($options = Array) C:\wamp64\www\imooc\Application\Common\Model\NewsModel.class.php 第 145 行.
SQL: SHOW COLUMNS FROM `cms_news` [ RunTime:0.0007s ]
SQL: SELECT * FROM `cms_news` WHERE `status` = 1 ORDER BY count desc,news_id desc  LIMIT 10   [ RunTime:0.0004s ]
NOTIC: [8] Undefined index: p C:\wamp64\www\imooc\Application\Home\Controller\CatController.class.php 第 18 行.
SQL: SELECT * FROM `cms_news` WHERE `status` <> -1 AND `thumb` <> '' AND `catid` = 12 ORDER BY listorder desc ,news_id desc LIMIT 0,20   [ RunTime:0.0003s ]
SQL: SELECT COUNT(*) AS tp_count FROM `cms_news` WHERE `status` <> -1 AND `thumb` <> '' AND `catid` = 12 LIMIT 1   [ RunTime:0.0003s ]
NOTIC: [8] Undefined variable: sing_path C:\wamp64\www\imooc\ThinkPHP\Common\functions.php 第 991 行.
INFO: [ view_parse ] --START--
INFO: [ template_filter ] --START--
INFO: Run Behavior\ContentReplaceBehavior [ RunTime:0.000063s ]
INFO: [ template_filter ] --END-- [ RunTime:0.000154s ]
NOTIC: [2048] Declaration of Common\Model\BasicModel::save() should be compatible with Think\Model::save($data = '', $options = Array) C:\wamp64\www\imooc\Application\Common\Model\BasicModel.class.php 第 30 行.
NOTIC: [2048] Declaration of Common\Model\BasicModel::select() should be compatible with Think\Model::select($options = Array) C:\wamp64\www\imooc\Application\Common\Model\BasicModel.class.php 第 30 行.
SQL: SELECT * FROM `cms_menu` WHERE `status` = 1 AND `type` = 0 ORDER BY listorder desc,menu_id desc  [ RunTime:0.0005s ]
NOTIC: [8] Undefined index: name C:\wamp64\www\imooc\Application\Runtime\Cache\Home\14fcc139096cfd1d2075eb8db7e60b1e.php 第 71 行.
NOTIC: [8] Undefined index: name C:\wamp64\www\imooc\Application\Runtime\Cache\Home\14fcc139096cfd1d2075eb8db7e60b1e.php 第 71 行.
INFO: Run Behavior\ParseTemplateBehavior [ RunTime:0.014232s ]
INFO: [ view_parse ] --END-- [ RunTime:0.014363s ]
INFO: [ view_filter ] --START--
INFO: Run Behavior\WriteHtmlCacheBehavior [ RunTime:0.000724s ]
INFO: [ view_filter ] --END-- [ RunTime:0.000856s ]
INFO: [ app_end ] --START--
INFO: Run Behavior\ShowPageTraceBehavior [ RunTime:0.000527s ]
INFO: [ app_end ] --END-- [ RunTime:0.000621s ]

[ 2017-05-05T11:17:57+08:00 ] ::1 /
INFO: [ app_init ] --START--
INFO: Run Behavior\BuildLiteBehavior [ RunTime:0.000018s ]
INFO: [ app_init ] --END-- [ RunTime:0.000311s ]
INFO: [ app_begin ] --START--
INFO: Run Behavior\ReadHtmlCacheBehavior [ RunTime:0.000375s ]
INFO: [ app_begin ] --END-- [ RunTime:0.000470s ]
NOTIC: [2048] Declaration of Home\Controller\CommonController::error() should be compatible with Think\Controller::error($message = '', $jumpUrl = '', $ajax = false) C:\wamp64\www\imooc\Application\Home\Controller\CommonController.class.php 第 24 行.
NOTIC: [2048] Declaration of Common\Model\NewsModel::find() should be compatible with Think\Model::find($options = Array) C:\wamp64\www\imooc\Application\Common\Model\NewsModel.class.php 第 9 行.
SQL: SHOW COLUMNS FROM `cms_news` [ RunTime:0.0011s ]
SQL: SELECT * FROM `cms_news` WHERE `status` = 1 ORDER BY count desc,news_id desc  LIMIT 10   [ RunTime:0.0004s ]
NOTIC: [2048] Declaration of Common\Model\PositionContentModel::find() should be compatible with Think\Model::find($options = Array) C:\wamp64\www\imooc\Application\Common\Model\PositionContentModel.class.php 第 89 行.
SQL: SHOW COLUMNS FROM `cms_position_content` [ RunTime:0.0007s ]
NOTIC: [8] Undefined index: title C:\wamp64\www\imooc\Application\Common\Model\PositionContentModel.class.php 第 18 行.
SQL: SELECT * FROM `cms_position_content` WHERE `status` = 1 AND `position_id` = 2 ORDER BY listorder desc ,id desc LIMIT 1   [ RunTime:0.0003s ]
NOTIC: [8] Undefined index: title C:\wamp64\www\imooc\Application\Common\Model\PositionContentModel.class.php 第 18 行.
SQL: SELECT * FROM `cms_position_content` WHERE `status` = 1 AND `position_id` = 3 ORDER BY listorder desc ,id desc LIMIT 3   [ RunTime:0.0004s ]
SQL: SELECT * FROM `cms_news` WHERE `status` = 1 AND `thumb` <> '' ORDER BY news_id desc LIMIT 30   [ RunTime:0.0005s ]
NOTIC: [8] Undefined index: title C:\wamp64\www\imooc\Application\Common\Model\PositionContentModel.class.php 第 18 行.
SQL: SELECT * FROM `cms_position_content` WHERE `status` = 1 AND `position_id` = 5 ORDER BY listorder desc ,id desc LIMIT 2   [ RunTime:0.0002s ]
INFO: [ view_parse ] --START--
INFO: [ template_filter ] --START--
INFO: Run Behavior\ContentReplaceBehavior [ RunTime:0.000067s ]
INFO: [ template_filter ] --END-- [ RunTime:0.000159s ]
NOTIC: [2048] Declaration of Common\Model\BasicModel::save() should be compatible with Think\Model::save($data = '', $options = Array) C:\wamp64\www\imooc\Application\Common\Model\BasicModel.class.php 第 30 行.
NOTIC: [2048] Declaration of Common\Model\BasicModel::select() should be compatible with Think\Model::select($options = Array) C:\wamp64\www\imooc\Application\Common\Model\BasicModel.class.php 第 30 行.
NOTIC: [2048] Declaration of Common\Model\MenuModel::find() should be compatible with Think\Model::find($options = Array) C:\wamp64\www\imooc\Application\Common\Model\MenuModel.class.php 第 92 行.
SQL: SHOW COLUMNS FROM `cms_menu` [ RunTime:0.0017s ]
SQL: SELECT * FROM `cms_menu` WHERE `status` = 1 AND `type` = 0 ORDER BY listorder desc,menu_id desc  [ RunTime:0.0004s ]
NOTIC: [8] Undefined index: name C:\wamp64\www\imooc\Application\Runtime\Cache\Home\2a94b8bda04ff446dcedd42276fc99ee.php 第 80 行.
NOTIC: [8] Undefined index: name C:\wamp64\www\imooc\Application\Runtime\Cache\Home\2a94b8bda04ff446dcedd42276fc99ee.php 第 80 行.
INFO: Run Behavior\ParseTemplateBehavior [ RunTime:0.018706s ]
INFO: [ view_parse ] --END-- [ RunTime:0.018879s ]
INFO: [ view_filter ] --START--
INFO: Run Behavior\WriteHtmlCacheBehavior [ RunTime:0.000447s ]
INFO: [ view_filter ] --END-- [ RunTime:0.000537s ]
INFO: [ app_end ] --START--
INFO: Run Behavior\ShowPageTraceBehavior [ RunTime:0.000522s ]
INFO: [ app_end ] --END-- [ RunTime:0.000613s ]

[ 2017-05-05T11:17:57+08:00 ] ::1 /index.php?c=index&a=getCount
INFO: [ app_init ] --START--
INFO: Run Behavior\BuildLiteBehavior [ RunTime:0.000036s ]
INFO: [ app_init ] --END-- [ RunTime:0.000507s ]
INFO: [ app_begin ] --START--
INFO: Run Behavior\ReadHtmlCacheBehavior [ RunTime:0.000489s ]
INFO: [ app_begin ] --END-- [ RunTime:0.000576s ]
NOTIC: [2048] Declaration of Home\Controller\CommonController::error() should be compatible with Think\Controller::error($message = '', $jumpUrl = '', $ajax = false) C:\wamp64\www\imooc\Application\Home\Controller\CommonController.class.php 第 24 行.
NOTIC: [2048] Declaration of Common\Model\NewsModel::find() should be compatible with Think\Model::find($options = Array) C:\wamp64\www\imooc\Application\Common\Model\NewsModel.class.php 第 9 行.
SQL: SHOW COLUMNS FROM `cms_news` [ RunTime:0.0011s ]
SQL: SELECT * FROM `cms_news` WHERE `news_id` IN ('24','23','22','21')  [ RunTime:0.0004s ]

[ 2017-05-05T11:26:33+08:00 ] 127.0.0.1 /
INFO: [ app_init ] --START--
INFO: Run Behavior\BuildLiteBehavior [ RunTime:0.000022s ]
INFO: [ app_init ] --END-- [ RunTime:0.000388s ]
INFO: [ app_begin ] --START--
INFO: Run Behavior\ReadHtmlCacheBehavior [ RunTime:0.000530s ]
INFO: [ app_begin ] --END-- [ RunTime:0.000660s ]
NOTIC: [2048] Declaration of Home\Controller\CommonController::error() should be compatible with Think\Controller::error($message = '', $jumpUrl = '', $ajax = false) C:\wamp64\www\imooc\Application\Home\Controller\CommonController.class.php 第 24 行.
NOTIC: [2048] Declaration of Common\Model\NewsModel::find() should be compatible with Think\Model::find($options = Array) C:\wamp64\www\imooc\Application\Common\Model\NewsModel.class.php 第 9 行.
SQL: SHOW COLUMNS FROM `cms_news` [ RunTime:0.0048s ]
SQL: SELECT * FROM `cms_news` WHERE `status` = 1 ORDER BY count desc,news_id desc  LIMIT 10   [ RunTime:0.0005s ]
NOTIC: [2048] Declaration of Common\Model\PositionContentModel::find() should be compatible with Think\Model::find($options = Array) C:\wamp64\www\imooc\Application\Common\Model\PositionContentModel.class.php 第 89 行.
SQL: SHOW COLUMNS FROM `cms_position_content` [ RunTime:0.0011s ]
NOTIC: [8] Undefined index: title C:\wamp64\www\imooc\Application\Common\Model\PositionContentModel.class.php 第 18 行.
SQL: SELECT * FROM `cms_position_content` WHERE `status` = 1 AND `position_id` = 2 ORDER BY listorder desc ,id desc LIMIT 1   [ RunTime:0.0003s ]
NOTIC: [8] Undefined index: title C:\wamp64\www\imooc\Application\Common\Model\PositionContentModel.class.php 第 18 行.
SQL: SELECT * FROM `cms_position_content` WHERE `status` = 1 AND `position_id` = 3 ORDER BY listorder desc ,id desc LIMIT 3   [ RunTime:0.0003s ]
SQL: SELECT * FROM `cms_news` WHERE `status` = 1 AND `thumb` <> '' ORDER BY news_id desc LIMIT 30   [ RunTime:0.0004s ]
NOTIC: [8] Undefined index: title C:\wamp64\www\imooc\Application\Common\Model\PositionContentModel.class.php 第 18 行.
SQL: SELECT * FROM `cms_position_content` WHERE `status` = 1 AND `position_id` = 5 ORDER BY listorder desc ,id desc LIMIT 2   [ RunTime:0.0003s ]
INFO: [ view_parse ] --START--
INFO: [ template_filter ] --START--
INFO: Run Behavior\ContentReplaceBehavior [ RunTime:0.000078s ]
INFO: [ template_filter ] --END-- [ RunTime:0.000218s ]
NOTIC: [2048] Declaration of Common\Model\BasicModel::save() should be compatible with Think\Model::save($data = '', $options = Array) C:\wamp64\www\imooc\Application\Common\Model\BasicModel.class.php 第 30 行.
NOTIC: [2048] Declaration of Common\Model\BasicModel::select() should be compatible with Think\Model::select($options = Array) C:\wamp64\www\imooc\Application\Common\Model\BasicModel.class.php 第 30 行.
NOTIC: [2048] Declaration of Common\Model\MenuModel::find() should be compatible with Think\Model::find($options = Array) C:\wamp64\www\imooc\Application\Common\Model\MenuModel.class.php 第 92 行.
SQL: SHOW COLUMNS FROM `cms_menu` [ RunTime:0.0014s ]
SQL: SELECT * FROM `cms_menu` WHERE `status` = 1 AND `type` = 0 ORDER BY listorder desc,menu_id desc  [ RunTime:0.0002s ]
NOTIC: [8] Undefined index: name C:\wamp64\www\imooc\Application\Runtime\Cache\Home\2a94b8bda04ff446dcedd42276fc99ee.php 第 80 行.
NOTIC: [8] Undefined index: name C:\wamp64\www\imooc\Application\Runtime\Cache\Home\2a94b8bda04ff446dcedd42276fc99ee.php 第 80 行.
INFO: Run Behavior\ParseTemplateBehavior [ RunTime:0.019545s ]
INFO: [ view_parse ] --END-- [ RunTime:0.019652s ]
INFO: [ view_filter ] --START--
INFO: Run Behavior\WriteHtmlCacheBehavior [ RunTime:0.000410s ]
INFO: [ view_filter ] --END-- [ RunTime:0.000500s ]
INFO: [ app_end ] --START--
INFO: Run Behavior\ShowPageTraceBehavior [ RunTime:0.000531s ]
INFO: [ app_end ] --END-- [ RunTime:0.000619s ]

[ 2017-05-05T11:26:33+08:00 ] 127.0.0.1 /index.php?c=index&a=getCount
INFO: [ app_init ] --START--
INFO: Run Behavior\BuildLiteBehavior [ RunTime:0.000020s ]
INFO: [ app_init ] --END-- [ RunTime:0.000359s ]
INFO: [ app_begin ] --START--
INFO: Run Behavior\ReadHtmlCacheBehavior [ RunTime:0.000476s ]
INFO: [ app_begin ] --END-- [ RunTime:0.000560s ]
NOTIC: [2048] Declaration of Home\Controller\CommonController::error() should be compatible with Think\Controller::error($message = '', $jumpUrl = '', $ajax = false) C:\wamp64\www\imooc\Application\Home\Controller\CommonController.class.php 第 24 行.
NOTIC: [2048] Declaration of Common\Model\NewsModel::find() should be compatible with Think\Model::find($options = Array) C:\wamp64\www\imooc\Application\Common\Model\NewsModel.class.php 第 9 行.
SQL: SHOW COLUMNS FROM `cms_news` [ RunTime:0.0008s ]
SQL: SELECT * FROM `cms_news` WHERE `news_id` IN ('24','23','22','21')  [ RunTime:0.0003s ]

[ 2017-05-05T11:27:05+08:00 ] 127.0.0.1 /
INFO: [ app_init ] --START--
INFO: Run Behavior\BuildLiteBehavior [ RunTime:0.000020s ]
INFO: [ app_init ] --END-- [ RunTime:0.000342s ]
INFO: [ app_begin ] --START--
INFO: Run Behavior\ReadHtmlCacheBehavior [ RunTime:0.000451s ]
INFO: [ app_begin ] --END-- [ RunTime:0.000546s ]
NOTIC: [2048] Declaration of Home\Controller\CommonController::error() should be compatible with Think\Controller::error($message = '', $jumpUrl = '', $ajax = false) C:\wamp64\www\imooc\Application\Home\Controller\CommonController.class.php 第 24 行.
NOTIC: [2048] Declaration of Common\Model\NewsModel::find() should be compatible with Think\Model::find($options = Array) C:\wamp64\www\imooc\Application\Common\Model\NewsModel.class.php 第 9 行.
SQL: SHOW COLUMNS FROM `cms_news` [ RunTime:0.0011s ]
SQL: SELECT * FROM `cms_news` WHERE `status` = 1 ORDER BY count desc,news_id desc  LIMIT 10   [ RunTime:0.0003s ]
NOTIC: [2048] Declaration of Common\Model\PositionContentModel::find() should be compatible with Think\Model::find($options = Array) C:\wamp64\www\imooc\Application\Common\Model\PositionContentModel.class.php 第 89 行.
SQL: SHOW COLUMNS FROM `cms_position_content` [ RunTime:0.0007s ]
NOTIC: [8] Undefined index: title C:\wamp64\www\imooc\Application\Common\Model\PositionContentModel.class.php 第 18 行.
SQL: SELECT * FROM `cms_position_content` WHERE `status` = 1 AND `position_id` = 2 ORDER BY listorder desc ,id desc LIMIT 1   [ RunTime:0.0003s ]
NOTIC: [8] Undefined index: title C:\wamp64\www\imooc\Application\Common\Model\PositionContentModel.class.php 第 18 行.
SQL: SELECT * FROM `cms_position_content` WHERE `status` = 1 AND `position_id` = 3 ORDER BY listorder desc ,id desc LIMIT 3   [ RunTime:0.0003s ]
SQL: SELECT * FROM `cms_news` WHERE `status` = 1 AND `thumb` <> '' ORDER BY news_id desc LIMIT 30   [ RunTime:0.0003s ]
NOTIC: [8] Undefined index: title C:\wamp64\www\imooc\Application\Common\Model\PositionContentModel.class.php 第 18 行.
SQL: SELECT * FROM `cms_position_content` WHERE `status` = 1 AND `position_id` = 5 ORDER BY listorder desc ,id desc LIMIT 2   [ RunTime:0.0003s ]
INFO: [ view_parse ] --START--
INFO: [ template_filter ] --START--
INFO: Run Behavior\ContentReplaceBehavior [ RunTime:0.000109s ]
INFO: [ template_filter ] --END-- [ RunTime:0.000209s ]
NOTIC: [2048] Declaration of Common\Model\BasicModel::save() should be compatible with Think\Model::save($data = '', $options = Array) C:\wamp64\www\imooc\Application\Common\Model\BasicModel.class.php 第 30 行.
NOTIC: [2048] Declaration of Common\Model\BasicModel::select() should be compatible with Think\Model::select($options = Array) C:\wamp64\www\imooc\Application\Common\Model\BasicModel.class.php 第 30 行.
NOTIC: [2048] Declaration of Common\Model\MenuModel::find() should be compatible with Think\Model::find($options = Array) C:\wamp64\www\imooc\Application\Common\Model\MenuModel.class.php 第 92 行.
SQL: SHOW COLUMNS FROM `cms_menu` [ RunTime:0.0008s ]
SQL: SELECT * FROM `cms_menu` WHERE `status` = 1 AND `type` = 0 ORDER BY listorder desc,menu_id desc  [ RunTime:0.0002s ]
NOTIC: [8] Undefined index: name C:\wamp64\www\imooc\Application\Runtime\Cache\Home\2a94b8bda04ff446dcedd42276fc99ee.php 第 80 行.
NOTIC: [8] Undefined index: name C:\wamp64\www\imooc\Application\Runtime\Cache\Home\2a94b8bda04ff446dcedd42276fc99ee.php 第 80 行.
INFO: Run Behavior\ParseTemplateBehavior [ RunTime:0.021284s ]
INFO: [ view_parse ] --END-- [ RunTime:0.021371s ]
INFO: [ view_filter ] --START--
INFO: Run Behavior\WriteHtmlCacheBehavior [ RunTime:0.000522s ]
INFO: [ view_filter ] --END-- [ RunTime:0.000623s ]
INFO: [ app_end ] --START--
INFO: Run Behavior\ShowPageTraceBehavior [ RunTime:0.000575s ]
INFO: [ app_end ] --END-- [ RunTime:0.000689s ]

[ 2017-05-05T11:27:05+08:00 ] 127.0.0.1 /index.php?c=index&a=getCount
INFO: [ app_init ] --START--
INFO: Run Behavior\BuildLiteBehavior [ RunTime:0.000020s ]
INFO: [ app_init ] --END-- [ RunTime:0.000354s ]
INFO: [ app_begin ] --START--
INFO: Run Behavior\ReadHtmlCacheBehavior [ RunTime:0.000476s ]
INFO: [ app_begin ] --END-- [ RunTime:0.000555s ]
NOTIC: [2048] Declaration of Home\Controller\CommonController::error() should be compatible with Think\Controller::error($message = '', $jumpUrl = '', $ajax = false) C:\wamp64\www\imooc\Application\Home\Controller\CommonController.class.php 第 24 行.
NOTIC: [2048] Declaration of Common\Model\NewsModel::find() should be compatible with Think\Model::find($options = Array) C:\wamp64\www\imooc\Application\Common\Model\NewsModel.class.php 第 9 行.
SQL: SHOW COLUMNS FROM `cms_news` [ RunTime:0.0010s ]
SQL: SELECT * FROM `cms_news` WHERE `news_id` IN ('24','23','22','21')  [ RunTime:0.0006s ]

[ 2017-05-05T11:27:11+08:00 ] 127.0.0.1 /index.php?c=detail&id=24
INFO: [ app_init ] --START--
INFO: Run Behavior\BuildLiteBehavior [ RunTime:0.000023s ]
INFO: [ app_init ] --END-- [ RunTime:0.000360s ]
INFO: [ app_begin ] --START--
INFO: Run Behavior\ReadHtmlCacheBehavior [ RunTime:0.000529s ]
INFO: [ app_begin ] --END-- [ RunTime:0.000638s ]
NOTIC: [2048] Declaration of Home\Controller\CommonController::error() should be compatible with Think\Controller::error($message = '', $jumpUrl = '', $ajax = false) C:\wamp64\www\imooc\Application\Home\Controller\CommonController.class.php 第 24 行.
NOTIC: [2048] Declaration of Common\Model\NewsModel::find() should be compatible with Think\Model::find($options = Array) C:\wamp64\www\imooc\Application\Common\Model\NewsModel.class.php 第 9 行.
SQL: SHOW COLUMNS FROM `cms_news` [ RunTime:0.0010s ]
SQL: SELECT * FROM `cms_news` WHERE ( news_id=24 ) LIMIT 1   [ RunTime:0.0003s ]
SQL: UPDATE `cms_news` SET `count`='27' WHERE ( news_id=24 ) [ RunTime:0.0003s ]
NOTIC: [2048] Declaration of Common\Model\NewsContentModel::find() should be compatible with Think\Model::find($options = Array) C:\wamp64\www\imooc\Application\Common\Model\NewsContentModel.class.php 第 46 行.
SQL: SHOW COLUMNS FROM `cms_news_content` [ RunTime:0.0011s ]
SQL: SELECT * FROM `cms_news_content` WHERE ( news_id=24 ) LIMIT 1   [ RunTime:0.0004s ]
NOTIC: [2048] Declaration of Common\Model\PositionContentModel::find() should be compatible with Think\Model::find($options = Array) C:\wamp64\www\imooc\Application\Common\Model\PositionContentModel.class.php 第 89 行.
SQL: SHOW COLUMNS FROM `cms_position_content` [ RunTime:0.0008s ]
NOTIC: [8] Undefined index: title C:\wamp64\www\imooc\Application\Common\Model\PositionContentModel.class.php 第 18 行.
SQL: SELECT * FROM `cms_position_content` WHERE `status` = 1 AND `position_id` = 5 ORDER BY listorder desc ,id desc LIMIT 2   [ RunTime:0.0003s ]
SQL: SELECT * FROM `cms_news` WHERE `status` = 1 ORDER BY count desc,news_id desc  LIMIT 10   [ RunTime:0.0003s ]
INFO: [ view_parse ] --START--
INFO: [ template_filter ] --START--
INFO: Run Behavior\ContentReplaceBehavior [ RunTime:0.000068s ]
INFO: [ template_filter ] --END-- [ RunTime:0.000167s ]
NOTIC: [2048] Declaration of Common\Model\BasicModel::save() should be compatible with Think\Model::save($data = '', $options = Array) C:\wamp64\www\imooc\Application\Common\Model\BasicModel.class.php 第 30 行.
NOTIC: [2048] Declaration of Common\Model\BasicModel::select() should be compatible with Think\Model::select($options = Array) C:\wamp64\www\imooc\Application\Common\Model\BasicModel.class.php 第 30 行.
NOTIC: [2048] Declaration of Common\Model\MenuModel::find() should be compatible with Think\Model::find($options = Array) C:\wamp64\www\imooc\Application\Common\Model\MenuModel.class.php 第 92 行.
SQL: SHOW COLUMNS FROM `cms_menu` [ RunTime:0.0008s ]
SQL: SELECT * FROM `cms_menu` WHERE `status` = 1 AND `type` = 0 ORDER BY listorder desc,menu_id desc  [ RunTime:0.0003s ]
NOTIC: [8] Undefined index: name C:\wamp64\www\imooc\Application\Runtime\Cache\Home\0d75cb75cd30b13fdd4834afd69acb19.php 第 59 行.
NOTIC: [8] Undefined index: name C:\wamp64\www\imooc\Application\Runtime\Cache\Home\0d75cb75cd30b13fdd4834afd69acb19.php 第 59 行.
INFO: Run Behavior\ParseTemplateBehavior [ RunTime:0.015634s ]
INFO: [ view_parse ] --END-- [ RunTime:0.015730s ]
INFO: [ view_filter ] --START--
INFO: Run Behavior\WriteHtmlCacheBehavior [ RunTime:0.000427s ]
INFO: [ view_filter ] --END-- [ RunTime:0.000545s ]
INFO: [ app_end ] --START--
INFO: Run Behavior\ShowPageTraceBehavior [ RunTime:0.000604s ]
INFO: [ app_end ] --END-- [ RunTime:0.000708s ]

